<?xml version="1.0" encoding="UTF-8" ?>
<testsuite errors="0" failures="1" hostname="Sina-PC" name="test.test2" tests="1" time="0.062" timestamp="2014-05-23T22:17:54">
  <properties>
[...]
</properties>
  <testcase classname="test.test2" name="test" time="0.006">
    <failure message="expected:&lt;-1.0&gt; but was:&lt;1.0&gt;" type="junit.framework.AssertionFailedError">junit.framework.AssertionFailedError: expected:&lt;-1.0&gt; but was:&lt;1.0&gt;
	at test.test2.test(test2.java:16)
</failure>
  </testcase>
  <system-out><![CDATA[]]></system-out>
  <system-err><![CDATA[]]></system-err>
</testsuite>
